{"level":"info","message":"Admin created successfully hiba 67f687648a0ef97c33e2b390","timestamp":"2025-04-09T14:42:44.793Z"}
{"level":"info","message":"Admin trouvés ","timestamp":"2025-04-09T14:48:15.447Z"}
{"level":"info","message":"Admin trouvés ","timestamp":"2025-04-09T14:51:00.876Z"}
{"level":"info","message":"Admin trouvés ","timestamp":"2025-04-09T15:03:10.635Z"}
{"level":"info","message":"Admin trouvés ","timestamp":"2025-04-09T15:53:03.050Z"}
{"level":"error","message":"Erreur lors de la récupération des hôtels : Operation `hotels.find()` buffering timed out after 10000ms","timestamp":"2025-04-09T16:28:56.913Z"}
{"level":"info","message":"get hotle with prix ","timestamp":"2025-04-09T16:44:43.563Z"}
{"level":"info","message":"get hotle with prix ","timestamp":"2025-04-10T07:43:33.580Z"}
{"level":"info","message":"get hotle with prix ","timestamp":"2025-04-10T07:49:28.997Z"}
{"level":"info","message":"get hotle with prix ","timestamp":"2025-04-10T07:49:30.317Z"}
{"level":"info","message":"get hotle with prix ","timestamp":"2025-04-10T07:52:02.025Z"}
{"level":"info","message":"get hotle with prix ","timestamp":"2025-04-10T07:52:14.128Z"}
{"level":"info","message":"get hotle with prix ","timestamp":"2025-04-10T07:57:20.377Z"}
{"level":"info","message":"get hotle with prix ","timestamp":"2025-04-10T08:04:02.502Z"}
{"level":"info","message":"get hotle with prix ","timestamp":"2025-04-10T08:04:08.714Z"}
{"level":"info","message":"get hotle with prix ","timestamp":"2025-04-10T08:04:10.598Z"}
{"level":"info","message":"get hotle with prix ","timestamp":"2025-04-10T08:13:10.668Z"}
{"level":"info","message":"get hotle with prix ","timestamp":"2025-04-10T08:13:22.306Z"}
{"level":"info","message":"get hotle with prix ","timestamp":"2025-04-10T08:14:01.475Z"}
{"level":"info","message":"get hotle with prix ","timestamp":"2025-04-10T08:14:41.343Z"}
{"level":"info","message":"get hotle with prix ","timestamp":"2025-04-10T08:15:18.622Z"}
{"level":"info","message":"get hotle with prix ","timestamp":"2025-04-10T08:15:27.016Z"}
{"level":"info","message":"get hotle with prix ","timestamp":"2025-04-10T08:15:28.114Z"}
{"level":"info","message":"get hotle with prix ","timestamp":"2025-04-10T08:16:36.870Z"}
{"level":"info","message":"get hotle with prix ","timestamp":"2025-04-10T08:18:15.348Z"}
{"level":"info","message":"get hotle with prix ","timestamp":"2025-04-10T08:19:28.507Z"}
{"level":"info","message":"get hotle with prix ","timestamp":"2025-04-10T08:19:30.260Z"}
{"level":"info","message":"get hotle with prix ","timestamp":"2025-04-10T08:19:32.247Z"}
{"level":"info","message":"get hotle with prix ","timestamp":"2025-04-10T08:20:06.528Z"}
{"level":"info","message":"get hotle with prix ","timestamp":"2025-04-10T08:20:23.084Z"}
{"level":"info","message":"get hotle with prix ","timestamp":"2025-04-10T08:22:42.500Z"}
{"level":"info","message":"get hotle with prix ","timestamp":"2025-04-10T08:23:43.181Z"}
{"level":"info","message":"get hotle with prix ","timestamp":"2025-04-10T08:23:43.724Z"}
{"level":"info","message":"get hotle with prix ","timestamp":"2025-04-10T08:23:54.740Z"}
{"level":"info","message":"get hotle with prix ","timestamp":"2025-04-10T08:24:13.988Z"}
{"level":"info","message":"get hotle with prix ","timestamp":"2025-04-10T08:24:27.880Z"}
{"level":"info","message":"get hotle with prix ","timestamp":"2025-04-10T08:41:16.343Z"}
{"level":"info","message":"get hotle with prix ","timestamp":"2025-04-10T08:42:20.044Z"}
{"level":"info","message":"get hotle with prix ","timestamp":"2025-04-10T08:44:51.259Z"}
{"level":"info","message":"get hotle with prix ","timestamp":"2025-04-10T08:45:37.437Z"}
{"level":"info","message":"get hotle with prix ","timestamp":"2025-04-10T08:45:48.317Z"}
{"level":"info","message":"get hotle with prix ","timestamp":"2025-04-10T08:45:49.968Z"}
{"level":"info","message":"get hotle with prix ","timestamp":"2025-04-10T08:45:55.108Z"}
{"level":"info","message":"get hotle with prix ","timestamp":"2025-04-10T09:30:12.083Z"}
{"level":"info","message":"get hotle with prix ","timestamp":"2025-04-10T09:51:01.225Z"}
{"level":"info","message":"get hotel details","timestamp":"2025-04-10T09:51:38.794Z"}
{"level":"info","message":"get hotel details","timestamp":"2025-04-10T09:51:40.133Z"}
{"level":"info","message":"hotel trouver","timestamp":"2025-04-10T09:56:41.104Z"}
{"level":"info","message":"get hotle with prix ","timestamp":"2025-04-10T09:56:47.759Z"}
{"level":"info","message":"get hotel details","timestamp":"2025-04-10T09:56:50.538Z"}
{"level":"info","message":"get hotel details","timestamp":"2025-04-10T09:56:52.149Z"}
{"level":"info","message":"get hotel details","timestamp":"2025-04-10T09:57:01.091Z"}
{"level":"info","message":"get hotel details","timestamp":"2025-04-10T09:57:03.865Z"}
{"level":"info","message":"get hotel details","timestamp":"2025-04-10T09:57:06.379Z"}
{"level":"info","message":"get hotle with prix ","timestamp":"2025-04-10T10:02:33.576Z"}
{"level":"info","message":"get hotle with prix ","timestamp":"2025-04-10T10:02:59.632Z"}
{"level":"info","message":"get hotle with prix ","timestamp":"2025-04-10T10:05:19.909Z"}
{"level":"info","message":"get hotle with prix ","timestamp":"2025-04-10T10:05:20.640Z"}
{"level":"info","message":"get hotle with prix ","timestamp":"2025-04-10T10:17:49.785Z"}
{"level":"info","message":"get hotle with prix ","timestamp":"2025-04-10T10:18:20.384Z"}
{"level":"info","message":"get hotle with prix ","timestamp":"2025-04-10T10:18:43.350Z"}
{"level":"info","message":"get hotle with prix ","timestamp":"2025-04-10T10:18:52.423Z"}
{"level":"info","message":"get hotle with prix ","timestamp":"2025-04-10T10:19:10.862Z"}
{"level":"info","message":"get hotle with prix ","timestamp":"2025-04-10T10:19:13.118Z"}
{"level":"info","message":"get hotle with prix ","timestamp":"2025-04-10T10:20:53.213Z"}
{"level":"info","message":"get hotle with prix ","timestamp":"2025-04-10T10:20:53.306Z"}
{"level":"info","message":"get hotel details","timestamp":"2025-04-10T11:50:29.326Z"}
{"level":"info","message":"get hotel details","timestamp":"2025-04-10T11:50:48.364Z"}
{"level":"info","message":"get hotel details","timestamp":"2025-04-10T11:51:00.495Z"}
{"level":"info","message":"get hotel details","timestamp":"2025-04-10T11:51:06.580Z"}
{"level":"info","message":"get hotel details","timestamp":"2025-04-10T11:51:16.632Z"}
{"level":"info","message":"get hotel details","timestamp":"2025-04-10T11:51:34.481Z"}
{"level":"info","message":"get hotle with prix ","timestamp":"2025-04-10T18:26:21.569Z"}
{"level":"info","message":"get hotel details","timestamp":"2025-04-10T18:31:42.538Z"}
{"level":"info","message":"get hotel details","timestamp":"2025-04-10T18:31:48.739Z"}
{"level":"info","message":"get hotel details","timestamp":"2025-04-10T18:32:23.018Z"}
{"level":"info","message":"get hotel details","timestamp":"2025-04-10T18:33:52.149Z"}
{"level":"info","message":"get hotel details","timestamp":"2025-04-10T18:34:27.950Z"}
{"level":"info","message":"get hotel details","timestamp":"2025-04-10T18:53:57.967Z"}
{"level":"info","message":"get hotel details","timestamp":"2025-04-10T18:55:51.794Z"}
{"level":"info","message":"get hotel details","timestamp":"2025-04-10T18:55:54.777Z"}
{"level":"info","message":"get hotel details","timestamp":"2025-04-10T19:12:54.732Z"}
{"level":"info","message":"get hotel details","timestamp":"2025-04-10T19:19:18.642Z"}
{"level":"info","message":"get hotel details","timestamp":"2025-04-10T19:25:57.153Z"}
{"level":"info","message":"get hotel details","timestamp":"2025-04-10T19:30:27.593Z"}
{"level":"info","message":"get hotel details","timestamp":"2025-04-10T19:33:36.766Z"}
{"level":"info","message":"get hotle with prix ","timestamp":"2025-04-10T19:35:48.472Z"}
{"level":"info","message":"get hotel details","timestamp":"2025-04-10T19:39:18.713Z"}
{"level":"info","message":"get hotel details","timestamp":"2025-04-10T19:45:32.521Z"}
{"level":"info","message":"get hotel details","timestamp":"2025-04-10T19:45:40.447Z"}
{"level":"info","message":"get hotel details","timestamp":"2025-04-10T19:51:49.581Z"}
{"level":"info","message":"get hotel details","timestamp":"2025-04-10T19:55:15.801Z"}
{"level":"info","message":"get hotel details","timestamp":"2025-04-10T19:58:57.415Z"}
{"level":"info","message":"get hotel details","timestamp":"2025-04-10T20:16:14.054Z"}
{"level":"info","message":"get hotel details","timestamp":"2025-04-10T20:19:43.205Z"}
{"level":"info","message":"get hotel details","timestamp":"2025-04-10T20:20:03.313Z"}
{"level":"info","message":"get hotel details","timestamp":"2025-04-10T20:21:31.763Z"}
{"level":"info","message":"get hotle with prix ","timestamp":"2025-04-11T06:44:59.246Z"}
{"level":"info","message":"get hotle with prix ","timestamp":"2025-04-11T06:45:57.476Z"}
{"level":"info","message":"get hotle with prix ","timestamp":"2025-04-11T06:46:29.199Z"}
{"level":"info","message":"get hotle with prix ","timestamp":"2025-04-11T06:46:52.244Z"}
{"level":"info","message":"get hotle with prix ","timestamp":"2025-04-11T06:47:44.894Z"}
{"level":"info","message":"hotel trouver","timestamp":"2025-04-11T06:47:50.415Z"}
{"level":"info","message":"get hotle with prix ","timestamp":"2025-04-11T06:48:38.709Z"}
{"level":"info","message":"get hotle with prix ","timestamp":"2025-04-11T06:50:28.059Z"}
{"level":"info","message":"get hotle with prix ","timestamp":"2025-04-11T07:01:09.455Z"}
{"level":"info","message":"hotel trouver","timestamp":"2025-04-11T07:04:35.060Z"}
{"level":"info","message":"hotel trouver","timestamp":"2025-04-11T07:07:49.850Z"}
{"level":"info","message":"hotel trouver","timestamp":"2025-04-11T07:14:34.998Z"}
{"level":"info","message":"hotel trouver","timestamp":"2025-04-11T07:14:42.370Z"}
{"level":"info","message":"hotel trouver","timestamp":"2025-04-11T07:14:46.989Z"}
{"level":"info","message":"hotel trouver","timestamp":"2025-04-11T07:21:41.605Z"}
{"level":"info","message":"hotel trouver","timestamp":"2025-04-11T07:22:10.461Z"}
{"level":"info","message":"get hotle with prix ","timestamp":"2025-04-11T07:22:14.918Z"}
{"level":"info","message":"get hotel details","timestamp":"2025-04-11T07:22:29.421Z"}
{"level":"info","message":"get hotel details","timestamp":"2025-04-11T07:23:23.115Z"}
{"level":"info","message":"get hotel details","timestamp":"2025-04-11T07:24:04.920Z"}
{"level":"info","message":"get hotel details","timestamp":"2025-04-11T07:24:06.515Z"}
{"level":"info","message":"get hotle with prix ","timestamp":"2025-04-11T07:25:34.399Z"}
{"level":"info","message":"get hotel details","timestamp":"2025-04-11T07:26:52.172Z"}
{"level":"info","message":"get hotel details","timestamp":"2025-04-11T07:26:53.426Z"}
{"level":"info","message":"get hotel details","timestamp":"2025-04-11T07:27:15.371Z"}
{"level":"info","message":"get hotel details","timestamp":"2025-04-11T07:27:48.796Z"}
{"level":"info","message":"get hotle with prix ","timestamp":"2025-04-11T07:37:20.564Z"}
{"level":"info","message":"get hotle with prix ","timestamp":"2025-04-11T07:48:05.162Z"}
{"level":"info","message":"get hotle with prix ","timestamp":"2025-04-11T07:51:23.890Z"}
{"level":"info","message":"get hotle with prix ","timestamp":"2025-04-11T07:52:30.060Z"}
{"level":"info","message":"get hotle with prix ","timestamp":"2025-04-11T08:04:10.428Z"}
{"level":"info","message":"get hotle with prix ","timestamp":"2025-04-11T08:04:16.612Z"}
{"level":"info","message":"get hotle with prix ","timestamp":"2025-04-11T08:04:27.524Z"}
{"level":"info","message":"get hotle with prix ","timestamp":"2025-04-11T08:04:36.383Z"}
{"level":"info","message":"get hotle with prix ","timestamp":"2025-04-11T08:04:49.621Z"}
{"level":"info","message":"get hotle with prix ","timestamp":"2025-04-11T08:05:50.628Z"}
{"level":"info","message":"get hotle with prix ","timestamp":"2025-04-11T08:20:48.375Z"}
{"level":"info","message":"get hotle with prix ","timestamp":"2025-04-11T08:20:48.982Z"}
{"level":"info","message":"Admin trouvés ","timestamp":"2025-04-11T08:21:38.481Z"}
{"level":"info","message":"get hotle with prix ","timestamp":"2025-04-11T08:24:24.387Z"}
{"level":"info","message":"hotel trouver","timestamp":"2025-04-11T08:24:31.122Z"}
{"level":"info","message":"hotel trouver","timestamp":"2025-04-11T08:27:52.622Z"}
{"level":"info","message":"hotel trouver","timestamp":"2025-04-11T08:28:14.609Z"}
{"level":"info","message":"hotel trouver","timestamp":"2025-04-11T08:28:19.884Z"}
{"level":"info","message":"get hotle with prix ","timestamp":"2025-04-11T08:28:20.848Z"}
{"level":"info","message":"hotel trouver","timestamp":"2025-04-11T08:29:06.245Z"}
{"level":"info","message":"get hotle with prix ","timestamp":"2025-04-11T08:29:07.507Z"}
{"level":"info","message":"get hotel details","timestamp":"2025-04-11T08:29:09.401Z"}
{"level":"info","message":"get hotel details","timestamp":"2025-04-11T08:29:22.822Z"}
{"level":"info","message":"get hotle with prix ","timestamp":"2025-04-11T21:08:02.941Z"}
{"level":"info","message":"get hotle with prix ","timestamp":"2025-04-12T10:53:09.377Z"}
{"level":"info","message":"get hotle with prix ","timestamp":"2025-04-12T10:54:13.450Z"}
{"level":"info","message":"get hotle with prix ","timestamp":"2025-04-12T10:54:21.975Z"}
{"level":"info","message":"get hotle with prix ","timestamp":"2025-04-12T10:55:43.422Z"}
{"level":"info","message":"get hotle with prix ","timestamp":"2025-04-12T10:58:42.349Z"}
{"level":"info","message":"get hotle with prix ","timestamp":"2025-04-12T14:15:00.703Z"}
{"level":"info","message":"get hotle with prix ","timestamp":"2025-04-12T17:21:43.094Z"}
{"level":"info","message":"get hotle with prix ","timestamp":"2025-04-12T17:21:47.485Z"}
{"level":"info","message":"get hotle with prix ","timestamp":"2025-04-12T17:22:11.367Z"}
{"level":"info","message":"get hotle with prix ","timestamp":"2025-04-12T17:22:13.904Z"}
{"level":"info","message":"get hotle with prix ","timestamp":"2025-04-12T17:22:24.781Z"}
{"level":"info","message":"get hotle with prix ","timestamp":"2025-04-12T19:41:12.349Z"}
{"level":"info","message":"get hotel details","timestamp":"2025-04-12T19:41:14.871Z"}
{"level":"info","message":"get hotel details","timestamp":"2025-04-12T19:41:16.878Z"}
{"level":"info","message":"get hotle with prix ","timestamp":"2025-04-12T19:54:32.575Z"}
{"level":"info","message":"get hotel details","timestamp":"2025-04-12T19:54:35.622Z"}
{"level":"info","message":"get hotel details","timestamp":"2025-04-12T19:54:38.067Z"}
{"level":"info","message":"Réservation ajoutée avec succès","timestamp":"2025-04-12T20:06:44.485Z"}
{"level":"info","message":"Réservation ajoutée avec succès","timestamp":"2025-04-12T20:08:59.389Z"}
{"level":"info","message":"get hotel details","timestamp":"2025-04-12T20:41:52.060Z"}
{"level":"info","message":"get hotel details","timestamp":"2025-04-12T20:41:54.129Z"}
{"level":"info","message":"Réservation ajoutée avec succès","timestamp":"2025-04-12T20:42:50.949Z"}
{"level":"info","message":"get hotle with prix ","timestamp":"2025-04-13T18:51:00.508Z"}
{"level":"info","message":"get hotle with prix ","timestamp":"2025-04-13T18:53:07.003Z"}
{"level":"info","message":"get hotle with prix ","timestamp":"2025-04-13T18:53:16.217Z"}
{"level":"info","message":"get hotel details","timestamp":"2025-04-13T18:53:20.306Z"}
{"level":"info","message":"get hotel details","timestamp":"2025-04-13T18:53:21.733Z"}
{"level":"info","message":"get hotel details","timestamp":"2025-04-13T18:53:23.467Z"}
{"level":"info","message":"get hotel details","timestamp":"2025-04-13T18:53:24.208Z"}
{"level":"info","message":"get hotel details","timestamp":"2025-04-13T18:53:48.302Z"}
{"level":"info","message":"get hotel details","timestamp":"2025-04-13T18:53:51.526Z"}
{"level":"info","message":"get hotel details","timestamp":"2025-04-13T18:53:52.837Z"}
{"level":"info","message":"get hotel details","timestamp":"2025-04-13T18:53:57.863Z"}
{"level":"info","message":"get hotel details","timestamp":"2025-04-13T18:53:59.050Z"}
{"level":"info","message":"get hotle with prix ","timestamp":"2025-04-13T18:54:03.234Z"}
{"level":"info","message":"get hotel details","timestamp":"2025-04-13T19:24:55.728Z"}
{"level":"info","message":"get hotel details","timestamp":"2025-04-13T19:25:12.305Z"}
{"level":"info","message":"get hotel details","timestamp":"2025-04-13T19:25:30.127Z"}
{"level":"info","message":"get hotle with prix ","timestamp":"2025-04-13T19:25:37.079Z"}
{"level":"info","message":"get hotel details","timestamp":"2025-04-13T19:25:55.244Z"}
{"level":"info","message":"get hotle with prix ","timestamp":"2025-04-13T19:26:10.459Z"}
{"level":"info","message":"get hotel details","timestamp":"2025-04-13T19:26:12.732Z"}
{"level":"info","message":"get hotel details","timestamp":"2025-04-13T19:26:15.213Z"}
{"level":"info","message":"get hotel details","timestamp":"2025-04-13T19:26:17.693Z"}
{"level":"info","message":"get hotel details","timestamp":"2025-04-13T19:26:19.836Z"}
{"level":"info","message":"get hotle with prix ","timestamp":"2025-04-14T10:28:31.406Z"}
{"level":"info","message":"get hotel details","timestamp":"2025-04-14T10:31:51.541Z"}
{"level":"info","message":"get hotel details","timestamp":"2025-04-14T10:32:11.694Z"}
{"level":"info","message":"get hotle with prix ","timestamp":"2025-04-14T12:41:08.935Z"}
{"level":"info","message":"get hotle with prix ","timestamp":"2025-04-14T12:41:36.250Z"}
{"level":"info","message":"get hotle with prix ","timestamp":"2025-04-14T12:42:08.170Z"}
{"level":"info","message":"get hotle with prix ","timestamp":"2025-04-14T12:42:13.852Z"}
{"level":"info","message":"get hotle with prix ","timestamp":"2025-04-14T12:51:05.022Z"}
{"level":"info","message":"get hotle with prix ","timestamp":"2025-04-14T12:51:58.183Z"}
{"level":"info","message":"get hotle with prix ","timestamp":"2025-04-14T12:52:04.737Z"}
{"level":"info","message":"get hotle with prix ","timestamp":"2025-04-14T12:52:09.312Z"}
{"level":"info","message":"get hotle with prix ","timestamp":"2025-04-14T12:52:15.471Z"}
{"level":"info","message":"get hotle with prix ","timestamp":"2025-04-14T12:52:25.026Z"}
{"level":"info","message":"get hotle with prix ","timestamp":"2025-04-14T12:53:24.858Z"}
{"level":"info","message":"get hotle with prix ","timestamp":"2025-04-14T12:53:44.655Z"}
{"level":"info","message":"get hotle with prix ","timestamp":"2025-04-14T12:53:47.470Z"}
{"level":"info","message":"get hotle with prix ","timestamp":"2025-04-14T12:53:49.322Z"}
{"level":"info","message":"get hotle with prix ","timestamp":"2025-04-14T12:54:18.704Z"}
{"level":"info","message":"get hotle with prix ","timestamp":"2025-04-14T12:54:23.136Z"}
{"level":"info","message":"get hotle with prix ","timestamp":"2025-04-14T12:54:28.132Z"}
{"level":"info","message":"get hotle with prix ","timestamp":"2025-04-14T12:54:38.241Z"}
{"level":"info","message":"get hotle with prix ","timestamp":"2025-04-14T12:55:08.384Z"}
{"level":"info","message":"get hotle with prix ","timestamp":"2025-04-14T12:57:46.029Z"}
{"level":"info","message":"get hotle with prix ","timestamp":"2025-04-14T13:04:48.147Z"}
{"level":"info","message":"get hotle with prix ","timestamp":"2025-04-14T13:47:27.017Z"}
{"level":"info","message":"get hotle with prix ","timestamp":"2025-04-14T13:49:30.150Z"}
{"level":"info","message":"get hotle with prix ","timestamp":"2025-04-14T13:49:36.509Z"}
{"level":"info","message":"get hotle with prix ","timestamp":"2025-04-14T13:50:08.602Z"}
{"level":"info","message":"get hotle with prix ","timestamp":"2025-04-14T13:50:17.518Z"}
{"level":"info","message":"get hotle with prix ","timestamp":"2025-04-14T13:50:19.104Z"}
{"level":"info","message":"get hotel details","timestamp":"2025-04-14T13:50:36.964Z"}
{"level":"info","message":"get hotle with prix ","timestamp":"2025-04-14T13:50:46.726Z"}
{"level":"info","message":"get hotel details","timestamp":"2025-04-14T13:51:05.024Z"}
{"level":"info","message":"get hotle with prix ","timestamp":"2025-04-14T13:51:08.466Z"}
{"level":"info","message":"get hotel details","timestamp":"2025-04-14T13:51:28.562Z"}
{"level":"info","message":"get hotle with prix ","timestamp":"2025-04-14T13:51:32.840Z"}
{"level":"info","message":"get hotle with prix ","timestamp":"2025-04-14T13:51:35.500Z"}
{"level":"info","message":"get hotel details","timestamp":"2025-04-14T13:51:50.944Z"}
{"level":"info","message":"get hotle with prix ","timestamp":"2025-04-14T13:52:06.435Z"}
{"level":"info","message":"get hotle with prix ","timestamp":"2025-04-14T13:52:12.873Z"}
{"level":"info","message":"get hotle with prix ","timestamp":"2025-04-14T13:52:29.291Z"}
{"level":"info","message":"get hotle with prix ","timestamp":"2025-04-14T13:52:37.456Z"}
{"level":"info","message":"get hotle with prix ","timestamp":"2025-04-14T13:53:03.287Z"}
{"level":"info","message":"get hotle with prix ","timestamp":"2025-04-14T13:54:04.864Z"}
{"level":"info","message":"get hotle with prix ","timestamp":"2025-04-14T13:54:25.593Z"}
{"level":"info","message":"get hotle with prix ","timestamp":"2025-04-14T13:54:26.143Z"}
{"level":"info","message":"get hotle with prix ","timestamp":"2025-04-14T14:07:41.264Z"}
{"level":"info","message":"get hotel details","timestamp":"2025-04-14T14:08:01.877Z"}
{"level":"info","message":"get hotle with prix ","timestamp":"2025-04-14T14:08:11.224Z"}
{"level":"info","message":"get hotel details","timestamp":"2025-04-14T14:08:41.078Z"}
{"level":"info","message":"get hotel details","timestamp":"2025-04-14T14:08:54.722Z"}
{"level":"info","message":"get hotel details","timestamp":"2025-04-14T14:10:19.070Z"}
{"level":"info","message":"get hotel details","timestamp":"2025-04-14T14:10:29.338Z"}
{"level":"info","message":"get hotle with prix ","timestamp":"2025-04-14T14:10:36.685Z"}
{"level":"info","message":"get hotel details","timestamp":"2025-04-14T14:10:53.591Z"}
{"level":"info","message":"Réservation ajoutée avec succès","timestamp":"2025-04-14T14:41:05.996Z"}
{"level":"info","message":"get hotle with prix ","timestamp":"2025-04-14T15:46:08.297Z"}
{"level":"info","message":"get hotel details","timestamp":"2025-04-14T15:46:11.036Z"}
{"level":"info","message":"get hotel details","timestamp":"2025-04-14T15:46:14.557Z"}
{"level":"info","message":"Réservation ajoutée avec succès","timestamp":"2025-04-14T15:47:08.020Z"}
{"level":"info","message":"Réservation ajoutée avec succès","timestamp":"2025-04-14T15:47:08.218Z"}
{"level":"info","message":"Réservation ajoutée avec succès","timestamp":"2025-04-14T15:56:16.935Z"}
{"level":"info","message":"get hotel details","timestamp":"2025-04-14T16:05:47.965Z"}
{"level":"info","message":"get hotle with prix ","timestamp":"2025-04-14T16:40:23.730Z"}
{"level":"info","message":"get hotel details","timestamp":"2025-04-14T16:40:25.722Z"}
{"level":"info","message":"get hotel details","timestamp":"2025-04-14T16:40:27.479Z"}
{"level":"info","message":"Réservation ajoutée avec succès","timestamp":"2025-04-14T16:51:48.288Z"}
{"level":"info","message":"Réservation ajoutée avec succès","timestamp":"2025-04-14T16:52:40.140Z"}
{"level":"info","message":"Réservation ajoutée avec succès","timestamp":"2025-04-14T16:55:40.677Z"}
{"level":"info","message":"Réservation ajoutée avec succès","timestamp":"2025-04-14T17:02:37.009Z"}
{"level":"info","message":"Réservation ajoutée avec succès","timestamp":"2025-04-14T18:13:31.918Z"}
{"level":"info","message":"Réservation ajoutée avec succès","timestamp":"2025-04-14T18:16:18.422Z"}
{"level":"info","message":"Réservation ajoutée avec succès","timestamp":"2025-04-14T18:21:44.367Z"}
{"level":"info","message":"Réservation ajoutée avec succès","timestamp":"2025-04-14T19:20:20.260Z"}
{"level":"info","message":"get hotle with prix ","timestamp":"2025-04-14T20:12:09.306Z"}
{"level":"info","message":"get hotel details","timestamp":"2025-04-14T20:13:37.173Z"}
{"level":"info","message":"Réservation ajoutée avec succès","timestamp":"2025-04-14T20:14:30.790Z"}
{"level":"info","message":"get hotle with prix ","timestamp":"2025-04-14T20:16:38.486Z"}
{"level":"info","message":"get hotel details","timestamp":"2025-04-14T20:16:41.440Z"}
{"level":"info","message":"get hotel details","timestamp":"2025-04-14T20:16:44.992Z"}
{"level":"info","message":"Réservation ajoutée avec succès","timestamp":"2025-04-14T20:17:22.235Z"}
{"level":"info","message":"get hotle with prix ","timestamp":"2025-04-14T20:33:16.939Z"}
{"level":"info","message":"get hotel details","timestamp":"2025-04-14T20:33:28.352Z"}
{"level":"info","message":"Réservation ajoutée avec succès","timestamp":"2025-04-14T20:34:17.952Z"}
{"level":"info","message":"get hotle with prix ","timestamp":"2025-04-14T20:35:14.977Z"}
{"level":"info","message":"get hotle with prix ","timestamp":"2025-04-14T20:36:02.197Z"}
{"level":"info","message":"get hotle with prix ","timestamp":"2025-04-14T20:38:42.889Z"}
{"level":"info","message":"get hotle with prix ","timestamp":"2025-04-14T20:38:54.658Z"}
{"level":"info","message":"get hotle with prix ","timestamp":"2025-04-14T20:39:31.854Z"}
{"level":"info","message":"get hotle with prix ","timestamp":"2025-04-14T20:39:33.439Z"}
{"level":"info","message":"get hotle with prix ","timestamp":"2025-04-14T20:39:54.396Z"}
{"level":"info","message":"get hotle with prix ","timestamp":"2025-04-14T20:40:27.299Z"}
{"level":"info","message":"get hotle with prix ","timestamp":"2025-04-14T20:40:29.194Z"}
{"level":"info","message":"get hotel details","timestamp":"2025-04-14T20:40:30.669Z"}
{"level":"info","message":"get hotel details","timestamp":"2025-04-14T20:40:33.517Z"}
{"level":"info","message":"Réservation ajoutée avec succès","timestamp":"2025-04-14T20:41:01.214Z"}
{"level":"info","message":"get hotle with prix ","timestamp":"2025-04-14T20:50:27.155Z"}
{"level":"info","message":"get hotel details","timestamp":"2025-04-14T20:50:29.600Z"}
{"level":"info","message":"get hotel details","timestamp":"2025-04-14T20:50:30.749Z"}
{"level":"info","message":"Réservation ajoutée avec succès","timestamp":"2025-04-14T20:50:58.431Z"}
{"level":"info","message":"Réservation ajoutée avec succès","timestamp":"2025-04-14T21:01:23.834Z"}
{"level":"info","message":"get hotle with prix ","timestamp":"2025-04-15T07:43:55.674Z"}
{"level":"info","message":"get hotle with prix ","timestamp":"2025-04-15T08:01:04.939Z"}
{"level":"info","message":"get hotle with prix ","timestamp":"2025-04-15T08:01:09.313Z"}
{"level":"info","message":"get hotel details","timestamp":"2025-04-15T08:01:10.076Z"}
{"level":"info","message":"get hotle with prix ","timestamp":"2025-04-15T08:01:10.676Z"}
{"level":"info","message":"get hotle with prix ","timestamp":"2025-04-15T08:01:15.393Z"}
{"level":"info","message":"get hotle with prix ","timestamp":"2025-04-15T08:01:30.335Z"}
{"level":"info","message":"get hotle with prix ","timestamp":"2025-04-15T08:04:40.061Z"}
{"level":"info","message":"get hotle with prix ","timestamp":"2025-04-15T08:04:40.308Z"}
{"level":"info","message":"get hotel details","timestamp":"2025-04-15T08:04:41.521Z"}
{"level":"info","message":"get hotel details","timestamp":"2025-04-15T08:04:43.764Z"}
{"level":"info","message":"Réservation ajoutée avec succès","timestamp":"2025-04-15T08:05:18.158Z"}
